[01m[Kc++:[m[K [01;31m[Kfatal error: [m[KKilled signal terminated program cc1plus
compilation terminated.
make[2]: *** [CMakeFiles/umbilical_plugin.dir/build.make:76: CMakeFiles/umbilical_plugin.dir/src/UmbilicalPlugin.cc.o] Error 1
make[1]: *** [CMakeFiles/Makefile2:162: CMakeFiles/umbilical_plugin.dir/all] Error 2
make[1]: *** Waiting for unfinished jobs....
[01m[Kc++:[m[K [01;31m[Kfatal error: [m[KKilled signal terminated program cc1plus
compilation terminated.
make[2]: *** [CMakeFiles/uuv_underwater_object_plugin.dir/build.make:63: CMakeFiles/uuv_underwater_object_plugin.dir/src/HydrodynamicModel.cc.o] Error 1
make[2]: *** Waiting for unfinished jobs....
make[1]: *** [CMakeFiles/Makefile2:189: CMakeFiles/uuv_underwater_object_plugin.dir/all] Error 2
make: *** [Makefile:141: all] Error 2
